<?xml version="1.0" encoding="UTF-8"?>
<!-- Generated by org.testng.reporters.JUnitXMLReporter -->
<testsuite ignored="0" hostname="DESKTOP-I52PJOF" failures="1" tests="2" name="Test" time="29.86" errors="0" timestamp="2023-08-03T00:21:51 GMT-07:00">
  <testcase classname="TestLayer.RegisterPageTest" name="validateFunctionality" time="6.954"/>
  <testcase classname="TestLayer.RegisterPageTest" name="validateFunctionality" time="6.98">
    <failure type="java.lang.Error" message="Unresolved compilation problem: 
	FileUtils cannot be resolved
">
      <![CDATA[java.lang.Error: Unresolved compilation problem: 
FileUtils cannot be resolved

at UtilsLayer.ExtentReportSetUp.takesScreenshot(ExtentReportSetUp.java:40)
at UtilsLayer.ListnersClass.onTestSuccess(ListnersClass.java:41)
at java.base/java.util.ArrayList.forEach(ArrayList.java:1511)
... Removed 24 stack frames]]>
    </failure>
  </testcase> <!-- validateFunctionality -->
</testsuite> <!-- Test -->
